<?xml version="1.0" encoding="UTF-8"?>
<!-- Generated by org.testng.reporters.JUnitReportReporter -->
<testsuite hostname="DESKTOP-6GF29VA" failures="0" tests="2" name="SeleniumWithJava.OrangeHRMTest" time="16.127" errors="0" timestamp="01 May 2019 22:59:34 GMT" skipped="0">
  <testcase classname="SeleniumWithJava.OrangeHRMTest" name="Login" time="6.556"/>
  <testcase classname="SeleniumWithJava.OrangeHRMTest" name="PIM_AddEmployee" time="9.571"/>
</testsuite> <!-- SeleniumWithJava.OrangeHRMTest -->
