<?xml version="1.0" encoding="UTF-8"?>
<!-- Generated by org.testng.reporters.JUnitReportReporter -->
<testsuite hostname="DESKTOP-6GF29VA" failures="0" tests="1" name="OrangeHRMTest" time="6.244" errors="0" timestamp="01 May 2019 02:11:19 GMT" skipped="0">
  <testcase classname="OrangeHRMTest" name="Login" time="6.244"/>
</testsuite> <!-- OrangeHRMTest -->
