<?xml version="1.0" encoding="UTF-8"?>
<!-- Generated by org.testng.reporters.JUnitReportReporter -->
<testsuite hostname="DESKTOP-6GF29VA" failures="0" tests="2" name="SeleniumWithJava.Tests.OrangeHRMTest" time="14.382" errors="0" timestamp="09 May 2019 02:48:53 GMT" skipped="0">
  <testcase classname="SeleniumWithJava.Tests.OrangeHRMTest" name="PIM_AddEmployee" time="8.329"/>
  <testcase classname="SeleniumWithJava.Tests.OrangeHRMTest" name="Login" time="6.053"/>
</testsuite> <!-- SeleniumWithJava.Tests.OrangeHRMTest -->
